[debug] [2022-12-28T18:29:20.692Z] ----------------------------------------------------------------------
[debug] [2022-12-28T18:29:20.694Z] Command:       C:\Program Files\nodejs\node.exe C:\Users\otail\AppData\Roaming\npm\node_modules\firebase-tools\lib\bin\firebase.js deploy
[debug] [2022-12-28T18:29:20.695Z] CLI Version:   11.16.1
[debug] [2022-12-28T18:29:20.695Z] Platform:      win32
[debug] [2022-12-28T18:29:20.695Z] Node Version:  v16.18.0
[debug] [2022-12-28T18:29:20.697Z] Time:          Wed Dec 28 2022 19:29:20 GMT+0100 (UTC+01:00)
[debug] [2022-12-28T18:29:20.697Z] ----------------------------------------------------------------------
[debug] 
[debug] [2022-12-28T18:29:20.779Z] > command requires scopes: ["email","openid","https://www.googleapis.com/auth/cloudplatformprojects.readonly","https://www.googleapis.com/auth/firebase","https://www.googleapis.com/auth/cloud-platform"]
[debug] [2022-12-28T18:29:20.780Z] > authorizing via signed-in user (otailaba98@gmail.com)
[debug] [2022-12-28T18:29:20.780Z] [iam] checking project reactprojectofppt for permissions ["firebase.projects.get","firebasehosting.sites.update"]
[debug] [2022-12-28T18:29:20.782Z] > refreshing access token with scopes: []
[debug] [2022-12-28T18:29:20.784Z] >>> [apiv2][query] POST https://www.googleapis.com/oauth2/v3/token [none]
[debug] [2022-12-28T18:29:20.784Z] >>> [apiv2][body] POST https://www.googleapis.com/oauth2/v3/token [omitted]
[debug] [2022-12-28T18:29:29.089Z] <<< [apiv2][status] POST https://www.googleapis.com/oauth2/v3/token 200
[debug] [2022-12-28T18:29:29.090Z] <<< [apiv2][body] POST https://www.googleapis.com/oauth2/v3/token [omitted]
[debug] [2022-12-28T18:29:29.105Z] >>> [apiv2][query] POST https://cloudresourcemanager.googleapis.com/v1/projects/reactprojectofppt:testIamPermissions [none]
[debug] [2022-12-28T18:29:29.105Z] >>> [apiv2][(partial)header] POST https://cloudresourcemanager.googleapis.com/v1/projects/reactprojectofppt:testIamPermissions x-goog-quota-user=projects/reactprojectofppt
[debug] [2022-12-28T18:29:29.105Z] >>> [apiv2][body] POST https://cloudresourcemanager.googleapis.com/v1/projects/reactprojectofppt:testIamPermissions {"permissions":["firebase.projects.get","firebasehosting.sites.update"]}
[debug] [2022-12-28T18:29:32.217Z] <<< [apiv2][status] POST https://cloudresourcemanager.googleapis.com/v1/projects/reactprojectofppt:testIamPermissions 200
[debug] [2022-12-28T18:29:32.217Z] <<< [apiv2][body] POST https://cloudresourcemanager.googleapis.com/v1/projects/reactprojectofppt:testIamPermissions {"permissions":["firebase.projects.get","firebasehosting.sites.update"]}
[debug] [2022-12-28T18:29:32.222Z] >>> [apiv2][query] GET https://firebase.googleapis.com/v1beta1/projects/reactprojectofppt [none]
[debug] [2022-12-28T18:30:02.230Z] Timeout reached making request to https://firebase.googleapis.com/v1beta1/projects/reactprojectofppt
[debug] [2022-12-28T18:30:06.765Z] FirebaseError: Timeout reached making request to https://firebase.googleapis.com/v1beta1/projects/reactprojectofppt
    at RetryOperation._fn (C:\Users\otail\AppData\Roaming\npm\node_modules\firebase-tools\lib\apiv2.js:238:35)
    at processTicksAndRejections (node:internal/process/task_queues:96:5)
[error] 
[error] Error: Failed to get Firebase project reactprojectofppt. Please make sure the project exists and your account has permission to access it.
